<?xml version="1.0" encoding="UTF-8" ?>
<testsuite tests="7" failures="0" name="service.ProductServiceTest" time="0.005" errors="0" skipped="0">
  <properties>
[...]
</properties>
  <testcase classname="service.ProductServiceTest" name="getNumberOfProducts" time="0.005"/>
  <testcase classname="service.ProductServiceTest" name="ifProductExistByNameTest" time="0"/>
  <testcase classname="service.ProductServiceTest" name="getAllProductsTest" time="0"/>
  <testcase classname="service.ProductServiceTest" name="ifProductNotEmptyByNameTest" time="0"/>
  <testcase classname="service.ProductServiceTest" name="getProductByIdTest" time="0"/>
  <testcase classname="service.ProductServiceTest" name="getProductByNameTest" time="0"/>
  <testcase classname="service.ProductServiceTest" name="ifProductExistByIdTest" time="0"/>
</testsuite>